 
****************************************
Report : area
Design : fifo
Version: T-2022.03-SP5
Date   : Fri May  1 10:47:37 2026
****************************************

Library(s) Used:

    saed32rvt_tt0p78vn40c (File: /home/bvrit/synopsys_example/workshop/ref/lib/stdcell_rvt/saed32rvt_tt0p78vn40c.db)

Number of ports:                           22
Number of nets:                           619
Number of cells:                          599
Number of combinational cells:            453
Number of sequential cells:               146
Number of macros/black boxes:               0
Number of buf/inv:                        164
Number of references:                      18

Combinational area:                958.377025
Buf/Inv area:                      208.398081
Noncombinational area:             983.029020
Macro/Black Box area:                0.000000
Net Interconnect area:             384.728096

Total cell area:                  1941.406045
Total area:                       2326.134142
1
