 
****************************************
Report : timing
        -path full
        -delay min
        -max_paths 1
Design : fifo
Version: T-2022.03-SP5
Date   : Fri May  1 10:47:37 2026
****************************************

Operating Conditions: tt0p78vn40c   Library: saed32rvt_tt0p78vn40c
Wire Load Model Mode: enclosed

  Startpoint: rd_ptr_reg[0]
              (rising edge-triggered flip-flop clocked by clk)
  Endpoint: rd_ptr_reg[0]
            (rising edge-triggered flip-flop clocked by clk)
  Path Group: clk
  Path Type: min

  Des/Clust/Port     Wire Load Model       Library
  ------------------------------------------------
  fifo               8000                  saed32rvt_tt0p78vn40c

  Point                                    Incr       Path
  -----------------------------------------------------------
  clock clk (rise edge)                    0.00       0.00
  clock network delay (ideal)              0.00       0.00
  rd_ptr_reg[0]/CLK (DFFARX2_RVT)          0.00       0.00 r
  rd_ptr_reg[0]/QN (DFFARX2_RVT)           0.15       0.15 f
  U750/Y (AO22X1_RVT)                      0.10       0.24 f
  rd_ptr_reg[0]/D (DFFARX2_RVT)            0.01       0.25 f
  data arrival time                                   0.25

  clock clk (rise edge)                    0.00       0.00
  clock network delay (ideal)              0.00       0.00
  clock uncertainty                        0.10       0.10
  rd_ptr_reg[0]/CLK (DFFARX2_RVT)          0.00       0.10 r
  library hold time                       -0.01       0.09
  data required time                                  0.09
  -----------------------------------------------------------
  data required time                                  0.09
  data arrival time                                  -0.25
  -----------------------------------------------------------
  slack (MET)                                         0.17


1
