 
****************************************
Report : qor
Design : fifo
Version: T-2022.03-SP5
Date   : Fri May  1 10:47:37 2026
****************************************


  Timing Path Group 'clk'
  -----------------------------------
  Levels of Logic:              15.00
  Critical Path Length:          1.75
  Critical Path Slack:           0.02
  Critical Path Clk Period:      2.00
  Total Negative Slack:          0.00
  No. of Violating Paths:        0.00
  Worst Hold Violation:          0.00
  Total Hold Violation:          0.00
  No. of Hold Violations:        0.00
  -----------------------------------


  Cell Count
  -----------------------------------
  Hierarchical Cell Count:          0
  Hierarchical Port Count:          0
  Leaf Cell Count:                599
  Buf/Inv Cell Count:             164
  Buf Cell Count:                   0
  Inv Cell Count:                 164
  CT Buf/Inv Cell Count:            0
  Combinational Cell Count:       453
  Sequential Cell Count:          146
  Macro Count:                      0
  -----------------------------------


  Area
  -----------------------------------
  Combinational Area:      958.377025
  Noncombinational Area:   983.029020
  Buf/Inv Area:            208.398081
  Total Buffer Area:             0.00
  Total Inverter Area:         208.40
  Macro/Black Box Area:      0.000000
  Net Area:                384.728096
  -----------------------------------
  Cell Area:              1941.406045
  Design Area:            2326.134142


  Design Rules
  -----------------------------------
  Total Number of Nets:           619
  Nets With Violations:           616
  Max Trans Violations:             1
  Max Cap Violations:             616
  -----------------------------------


  Hostname: cvd15.bvrit.ac.in

  Compile CPU Statistics
  -----------------------------------------
  Resource Sharing:                    0.06
  Logic Optimization:                  0.11
  Mapping Optimization:                2.99
  -----------------------------------------
  Overall Compile Time:                8.64
  Overall Compile Wall Clock Time:     8.96

  --------------------------------------------------------------------

  Design  WNS: 0.00  TNS: 0.00  Number of Violating Paths: 0


  Design (Hold)  WNS: 0.00  TNS: 0.00  Number of Violating Paths: 0

  --------------------------------------------------------------------


1
