 
****************************************
Report : timing
        -path full
        -delay max
        -max_paths 1
Design : fifo
Version: T-2022.03-SP5
Date   : Fri May  1 10:47:37 2026
****************************************

Operating Conditions: tt0p78vn40c   Library: saed32rvt_tt0p78vn40c
Wire Load Model Mode: enclosed

  Startpoint: wr_ptr_reg[1]
              (rising edge-triggered flip-flop clocked by clk)
  Endpoint: mem_reg[7][0]
            (rising edge-triggered flip-flop clocked by clk)
  Path Group: clk
  Path Type: max

  Des/Clust/Port     Wire Load Model       Library
  ------------------------------------------------
  fifo               8000                  saed32rvt_tt0p78vn40c

  Point                                    Incr       Path
  -----------------------------------------------------------
  clock clk (rise edge)                    0.00       0.00
  clock network delay (ideal)              0.00       0.00
  wr_ptr_reg[1]/CLK (DFFARX2_RVT)          0.00       0.00 r
  wr_ptr_reg[1]/Q (DFFARX2_RVT)            0.22       0.22 f
  U376/Y (INVX0_RVT)                       0.07       0.29 r
  U377/Y (INVX0_RVT)                       0.07       0.36 f
  U523/Y (OA221X1_RVT)                     0.14       0.49 f
  U524/Y (OA221X1_RVT)                     0.11       0.61 f
  U525/Y (OA221X1_RVT)                     0.12       0.73 f
  U528/Y (NAND2X0_RVT)                     0.09       0.82 r
  U530/Y (AND2X1_RVT)                      0.11       0.93 r
  U531/Y (NAND2X0_RVT)                     0.07       1.00 f
  U467/Y (INVX0_RVT)                       0.09       1.09 r
  U470/Y (AND3X4_RVT)                      0.16       1.25 r
  U513/Y (NAND3X2_RVT)                     0.15       1.40 f
  U343/Y (INVX0_RVT)                       0.06       1.46 r
  U344/Y (INVX0_RVT)                       0.06       1.52 f
  U512/Y (INVX0_RVT)                       0.09       1.61 r
  U596/Y (AO22X1_RVT)                      0.13       1.74 r
  mem_reg[7][0]/D (DFFX1_RVT)              0.01       1.75 r
  data arrival time                                   1.75

  clock clk (rise edge)                    2.00       2.00
  clock network delay (ideal)              0.00       2.00
  clock uncertainty                       -0.15       1.85
  mem_reg[7][0]/CLK (DFFX1_RVT)            0.00       1.85 r
  library setup time                      -0.08       1.77
  data required time                                  1.77
  -----------------------------------------------------------
  data required time                                  1.77
  data arrival time                                  -1.75
  -----------------------------------------------------------
  slack (MET)                                         0.02


1
