****************************************
Report : timing
        -path_type full
        -delay_type min
        -max_paths 1
        -report_by design
Design : fifo
Version: U-2022.12-SP3
Date   : Sat May  2 02:58:24 2026
****************************************

  Startpoint: mem_reg[11][7] (rising edge-triggered flip-flop clocked by clk)
  Endpoint: mem_reg[11][7] (rising edge-triggered flip-flop clocked by clk)
  Mode: func
  Corner: nom
  Scenario: func::nom
  Path Group: clk
  Path Type: min

  Point                                            Incr      Path  
  ------------------------------------------------------------------------
  clock clk (rise edge)                            0.00      0.00
  clock network delay (propagated)                 0.16      0.16

  mem_reg[11][7]/CLK (DFFX1_RVT)                   0.00      0.16 r
  mem_reg[11][7]/Q (DFFX1_RVT)                     0.09      0.26 f
  U571/Y (AO22X1_RVT)                              0.03      0.29 f
  mem_reg[11][7]/D (DFFX1_RVT)                     0.00      0.29 f
  data arrival time                                          0.29

  clock clk (rise edge)                            0.00      0.00
  clock network delay (propagated)                 0.19      0.19
  mem_reg[11][7]/CLK (DFFX1_RVT)                   0.00      0.19 r
  clock uncertainty                                0.10      0.29
  library hold time                                0.00      0.29
  data required time                                         0.29
  ------------------------------------------------------------------------
  data required time                                         0.29
  data arrival time                                         -0.29
  ------------------------------------------------------------------------
  slack (VIOLATED)                                          -0.00


1
